C:\Program Files (x86)\Microsoft Visual Studio\2017\Community\Common7\IDE\VC\VCTargets\Microsoft.CppBuild.targets(391,5): warning MSB8028: The intermediate directory (Release\) contains files shared from another project (Cryptographic_Message_System.vcxproj).  This can lead to incorrect clean and rebuild behavior.
  Cryptographic_Message_System.cpp
  Message.cpp
c:\users\elliot rihan\github\cryptographic_message_system\cryptographic_message_system_v12\cryptographic_message_system\cryptographic_message_system\message.cpp(90): error C2248: 'User::userEncryption': cannot access private member declared in class 'User'
  c:\users\elliot rihan\github\cryptographic_message_system\cryptographic_message_system_v12\cryptographic_message_system\cryptographic_message_system\user.h(18): note: see declaration of 'User::userEncryption'
  c:\users\elliot rihan\github\cryptographic_message_system\cryptographic_message_system_v12\cryptographic_message_system\cryptographic_message_system\user.h(10): note: see declaration of 'User'
c:\users\elliot rihan\github\cryptographic_message_system\cryptographic_message_system_v12\cryptographic_message_system\cryptographic_message_system\message.cpp(95): error C2248: 'User::userMessage': cannot access private member declared in class 'User'
  c:\users\elliot rihan\github\cryptographic_message_system\cryptographic_message_system_v12\cryptographic_message_system\cryptographic_message_system\user.h(19): note: see declaration of 'User::userMessage'
  c:\users\elliot rihan\github\cryptographic_message_system\cryptographic_message_system_v12\cryptographic_message_system\cryptographic_message_system\user.h(10): note: see declaration of 'User'
c:\users\elliot rihan\github\cryptographic_message_system\cryptographic_message_system_v12\cryptographic_message_system\cryptographic_message_system\message.cpp(95): error C2248: 'User::userLastName': cannot access private member declared in class 'User'
  c:\users\elliot rihan\github\cryptographic_message_system\cryptographic_message_system_v12\cryptographic_message_system\cryptographic_message_system\user.h(15): note: see declaration of 'User::userLastName'
  c:\users\elliot rihan\github\cryptographic_message_system\cryptographic_message_system_v12\cryptographic_message_system\cryptographic_message_system\user.h(10): note: see declaration of 'User'
c:\users\elliot rihan\github\cryptographic_message_system\cryptographic_message_system_v12\cryptographic_message_system\cryptographic_message_system\message.cpp(99): error C2248: 'User::userEncryption': cannot access private member declared in class 'User'
  c:\users\elliot rihan\github\cryptographic_message_system\cryptographic_message_system_v12\cryptographic_message_system\cryptographic_message_system\user.h(18): note: see declaration of 'User::userEncryption'
  c:\users\elliot rihan\github\cryptographic_message_system\cryptographic_message_system_v12\cryptographic_message_system\cryptographic_message_system\user.h(10): note: see declaration of 'User'
c:\users\elliot rihan\github\cryptographic_message_system\cryptographic_message_system_v12\cryptographic_message_system\cryptographic_message_system\message.cpp(102): error C2248: 'User::userMessage': cannot access private member declared in class 'User'
  c:\users\elliot rihan\github\cryptographic_message_system\cryptographic_message_system_v12\cryptographic_message_system\cryptographic_message_system\user.h(19): note: see declaration of 'User::userMessage'
  c:\users\elliot rihan\github\cryptographic_message_system\cryptographic_message_system_v12\cryptographic_message_system\cryptographic_message_system\user.h(10): note: see declaration of 'User'
c:\users\elliot rihan\github\cryptographic_message_system\cryptographic_message_system_v12\cryptographic_message_system\cryptographic_message_system\message.cpp(106): error C2248: 'User::userEncryption': cannot access private member declared in class 'User'
  c:\users\elliot rihan\github\cryptographic_message_system\cryptographic_message_system_v12\cryptographic_message_system\cryptographic_message_system\user.h(18): note: see declaration of 'User::userEncryption'
  c:\users\elliot rihan\github\cryptographic_message_system\cryptographic_message_system_v12\cryptographic_message_system\cryptographic_message_system\user.h(10): note: see declaration of 'User'
c:\users\elliot rihan\github\cryptographic_message_system\cryptographic_message_system_v12\cryptographic_message_system\cryptographic_message_system\message.cpp(109): error C2248: 'User::userMessage': cannot access private member declared in class 'User'
  c:\users\elliot rihan\github\cryptographic_message_system\cryptographic_message_system_v12\cryptographic_message_system\cryptographic_message_system\user.h(19): note: see declaration of 'User::userMessage'
  c:\users\elliot rihan\github\cryptographic_message_system\cryptographic_message_system_v12\cryptographic_message_system\cryptographic_message_system\user.h(10): note: see declaration of 'User'
  ROT13.cpp
  ROT47.cpp
c:\users\elliot rihan\github\cryptographic_message_system\cryptographic_message_system_v12\cryptographic_message_system\cryptographic_message_system\rot47.cpp(14): warning C4018: '<': signed/unsigned mismatch
c:\users\elliot rihan\github\cryptographic_message_system\cryptographic_message_system_v12\cryptographic_message_system\cryptographic_message_system\rot47.cpp(37): warning C4018: '<': signed/unsigned mismatch
  SaveFile.cpp
  Time.cpp
  User.cpp
  XOR.cpp
