c:\users\elliot rihan\github\cryptographic_message_system\cryptographic_message_system_v7\cryptographic_message_system\cryptographic_message_system\debug\cryptographic_message_system.pch
c:\users\elliot rihan\github\cryptographic_message_system\cryptographic_message_system_v7\cryptographic_message_system\cryptographic_message_system\debug\vc141.pdb
c:\users\elliot rihan\github\cryptographic_message_system\cryptographic_message_system_v7\cryptographic_message_system\cryptographic_message_system\debug\vc141.idb
c:\users\elliot rihan\github\cryptographic_message_system\cryptographic_message_system_v7\cryptographic_message_system\cryptographic_message_system\debug\pch.obj
c:\users\elliot rihan\github\cryptographic_message_system\cryptographic_message_system_v7\cryptographic_message_system\cryptographic_message_system\debug\xor.obj
c:\users\elliot rihan\github\cryptographic_message_system\cryptographic_message_system_v7\cryptographic_message_system\cryptographic_message_system\debug\user.obj
c:\users\elliot rihan\github\cryptographic_message_system\cryptographic_message_system_v7\cryptographic_message_system\cryptographic_message_system\debug\time.obj
c:\users\elliot rihan\github\cryptographic_message_system\cryptographic_message_system_v7\cryptographic_message_system\cryptographic_message_system\debug\savefile.obj
c:\users\elliot rihan\github\cryptographic_message_system\cryptographic_message_system_v7\cryptographic_message_system\cryptographic_message_system\debug\rsa.obj
c:\users\elliot rihan\github\cryptographic_message_system\cryptographic_message_system_v7\cryptographic_message_system\cryptographic_message_system\debug\rot47.obj
c:\users\elliot rihan\github\cryptographic_message_system\cryptographic_message_system_v7\cryptographic_message_system\cryptographic_message_system\debug\rot13.obj
c:\users\elliot rihan\github\cryptographic_message_system\cryptographic_message_system_v7\cryptographic_message_system\cryptographic_message_system\debug\message.obj
c:\users\elliot rihan\github\cryptographic_message_system\cryptographic_message_system_v7\cryptographic_message_system\cryptographic_message_system\debug\cryptographic_message_system.obj
c:\users\elliot rihan\github\cryptographic_message_system\cryptographic_message_system_v7\cryptographic_message_system\cryptographic_message_system\debug\resource.res
c:\users\elliot rihan\github\cryptographic_message_system\cryptographic_message_system_v7\cryptographic_message_system\debug\cryptographic_message_system.pdb
c:\users\elliot rihan\github\cryptographic_message_system\cryptographic_message_system_v7\cryptographic_message_system\cryptographic_message_system\debug\cryptogr.53c8bf3c.tlog\cl.command.1.tlog
c:\users\elliot rihan\github\cryptographic_message_system\cryptographic_message_system_v7\cryptographic_message_system\cryptographic_message_system\debug\cryptogr.53c8bf3c.tlog\cl.read.1.tlog
c:\users\elliot rihan\github\cryptographic_message_system\cryptographic_message_system_v7\cryptographic_message_system\cryptographic_message_system\debug\cryptogr.53c8bf3c.tlog\cl.write.1.tlog
c:\users\elliot rihan\github\cryptographic_message_system\cryptographic_message_system_v7\cryptographic_message_system\cryptographic_message_system\debug\cryptogr.53c8bf3c.tlog\link-cvtres.read.1.tlog
c:\users\elliot rihan\github\cryptographic_message_system\cryptographic_message_system_v7\cryptographic_message_system\cryptographic_message_system\debug\cryptogr.53c8bf3c.tlog\link-cvtres.write.1.tlog
c:\users\elliot rihan\github\cryptographic_message_system\cryptographic_message_system_v7\cryptographic_message_system\cryptographic_message_system\debug\cryptogr.53c8bf3c.tlog\link-rc.read.1.tlog
c:\users\elliot rihan\github\cryptographic_message_system\cryptographic_message_system_v7\cryptographic_message_system\cryptographic_message_system\debug\cryptogr.53c8bf3c.tlog\link-rc.write.1.tlog
c:\users\elliot rihan\github\cryptographic_message_system\cryptographic_message_system_v7\cryptographic_message_system\cryptographic_message_system\debug\cryptogr.53c8bf3c.tlog\link.command.1.tlog
c:\users\elliot rihan\github\cryptographic_message_system\cryptographic_message_system_v7\cryptographic_message_system\cryptographic_message_system\debug\cryptogr.53c8bf3c.tlog\link.read.1.tlog
c:\users\elliot rihan\github\cryptographic_message_system\cryptographic_message_system_v7\cryptographic_message_system\cryptographic_message_system\debug\cryptogr.53c8bf3c.tlog\link.write.1.tlog
c:\users\elliot rihan\github\cryptographic_message_system\cryptographic_message_system_v7\cryptographic_message_system\cryptographic_message_system\debug\cryptogr.53c8bf3c.tlog\rc.command.1.tlog
c:\users\elliot rihan\github\cryptographic_message_system\cryptographic_message_system_v7\cryptographic_message_system\cryptographic_message_system\debug\cryptogr.53c8bf3c.tlog\rc.read.1.tlog
c:\users\elliot rihan\github\cryptographic_message_system\cryptographic_message_system_v7\cryptographic_message_system\cryptographic_message_system\debug\cryptogr.53c8bf3c.tlog\rc.write.1.tlog
