  Message.cpp
c:\users\elliot rihan\github\cryptographic_message_system\cryptographic_message_system_v8\cryptographic_message_system\cryptographic_message_system\message.cpp(71): error C3867: 'ROT13::decryptROT13': non-standard syntax; use '&' to create a pointer to member
c:\users\elliot rihan\github\cryptographic_message_system\cryptographic_message_system_v8\cryptographic_message_system\cryptographic_message_system\message.cpp(71): error C2297: '+': illegal, right operand has type 'void (__cdecl ROT13::* )(std::string)'
c:\users\elliot rihan\github\cryptographic_message_system\cryptographic_message_system_v8\cryptographic_message_system\cryptographic_message_system\message.cpp(71): error C2660: 'SaveFile::saveFile': function does not take 1 arguments
  c:\users\elliot rihan\github\cryptographic_message_system\cryptographic_message_system_v8\cryptographic_message_system\cryptographic_message_system\savefile.h(9): note: see declaration of 'SaveFile::saveFile'
c:\users\elliot rihan\github\cryptographic_message_system\cryptographic_message_system_v8\cryptographic_message_system\cryptographic_message_system\message.cpp(77): error C3867: 'ROT47::decryptROT47': non-standard syntax; use '&' to create a pointer to member
c:\users\elliot rihan\github\cryptographic_message_system\cryptographic_message_system_v8\cryptographic_message_system\cryptographic_message_system\message.cpp(77): error C2297: '+': illegal, right operand has type 'void (__cdecl ROT47::* )(std::string)'
c:\users\elliot rihan\github\cryptographic_message_system\cryptographic_message_system_v8\cryptographic_message_system\cryptographic_message_system\message.cpp(77): error C2660: 'SaveFile::saveFile': function does not take 1 arguments
  c:\users\elliot rihan\github\cryptographic_message_system\cryptographic_message_system_v8\cryptographic_message_system\cryptographic_message_system\savefile.h(9): note: see declaration of 'SaveFile::saveFile'
  ROT13.cpp
c:\users\elliot rihan\github\cryptographic_message_system\cryptographic_message_system_v8\cryptographic_message_system\cryptographic_message_system\rot13.cpp(8): error C2653: 'ROT13': is not a class or namespace name
c:\users\elliot rihan\github\cryptographic_message_system\cryptographic_message_system_v8\cryptographic_message_system\cryptographic_message_system\rot13.cpp(31): error C2065: 'encryptedROT13String': undeclared identifier
c:\users\elliot rihan\github\cryptographic_message_system\cryptographic_message_system_v8\cryptographic_message_system\cryptographic_message_system\rot13.cpp(35): error C2653: 'ROT13': is not a class or namespace name
  ROT47.cpp
c:\users\elliot rihan\github\cryptographic_message_system\cryptographic_message_system_v8\cryptographic_message_system\cryptographic_message_system\rot47.cpp(9): error C2653: 'ROT47': is not a class or namespace name
c:\users\elliot rihan\github\cryptographic_message_system\cryptographic_message_system_v8\cryptographic_message_system\cryptographic_message_system\rot47.cpp(16): error C2065: 'encryptedROT47': undeclared identifier
c:\users\elliot rihan\github\cryptographic_message_system\cryptographic_message_system_v8\cryptographic_message_system\cryptographic_message_system\rot47.cpp(21): error C2065: 'encryptedROT47': undeclared identifier
c:\users\elliot rihan\github\cryptographic_message_system\cryptographic_message_system_v8\cryptographic_message_system\cryptographic_message_system\rot47.cpp(25): error C2065: 'encryptedROT47': undeclared identifier
c:\users\elliot rihan\github\cryptographic_message_system\cryptographic_message_system_v8\cryptographic_message_system\cryptographic_message_system\rot47.cpp(28): error C2065: 'encryptedROT47': undeclared identifier
c:\users\elliot rihan\github\cryptographic_message_system\cryptographic_message_system_v8\cryptographic_message_system\cryptographic_message_system\rot47.cpp(31): error C2653: 'ROT47': is not a class or namespace name
  XOR.cpp
c:\users\elliot rihan\github\cryptographic_message_system\cryptographic_message_system_v8\cryptographic_message_system\cryptographic_message_system\xor.cpp(8): error C2653: 'XOR': is not a class or namespace name
c:\users\elliot rihan\github\cryptographic_message_system\cryptographic_message_system_v8\cryptographic_message_system\cryptographic_message_system\xor.cpp(10): error C2065: 'encryptDecryptMessageXOR': undeclared identifier
c:\users\elliot rihan\github\cryptographic_message_system\cryptographic_message_system_v8\cryptographic_message_system\cryptographic_message_system\xor.cpp(16): error C2065: 'encryptDecryptMessageXOR': undeclared identifier
c:\users\elliot rihan\github\cryptographic_message_system\cryptographic_message_system_v8\cryptographic_message_system\cryptographic_message_system\xor.cpp(18): error C2065: 'encryptDecryptMessageXOR': undeclared identifier
c:\users\elliot rihan\github\cryptographic_message_system\cryptographic_message_system_v8\cryptographic_message_system\cryptographic_message_system\xor.cpp(21): error C2653: 'XOR': is not a class or namespace name
c:\users\elliot rihan\github\cryptographic_message_system\cryptographic_message_system_v8\cryptographic_message_system\cryptographic_message_system\xor.cpp(23): error C2065: 'encryptDecryptMessageXOR': undeclared identifier
c:\users\elliot rihan\github\cryptographic_message_system\cryptographic_message_system_v8\cryptographic_message_system\cryptographic_message_system\xor.cpp(29): error C2065: 'encryptDecryptMessageXOR': undeclared identifier
c:\users\elliot rihan\github\cryptographic_message_system\cryptographic_message_system_v8\cryptographic_message_system\cryptographic_message_system\xor.cpp(31): error C2065: 'encryptDecryptMessageXOR': undeclared identifier
  Generating Code...
